c:\users\maxim\documents\projects\video-quality-boosting\build\opencvex.dir\debug\vc143.pdb
c:\users\maxim\documents\projects\video-quality-boosting\build\opencvex.dir\debug\utils.obj
c:\users\maxim\documents\projects\video-quality-boosting\build\cmakefiles\generate.stamp
c:\users\maxim\documents\projects\video-quality-boosting\build\opencvex.dir\debug\opencvex.ilk
c:\users\maxim\documents\projects\video-quality-boosting\build\debug\opencvex.pdb
c:\users\maxim\documents\projects\video-quality-boosting\build\opencvex.dir\debug\opencvex.tlog\cl.command.1.tlog
c:\users\maxim\documents\projects\video-quality-boosting\build\opencvex.dir\debug\opencvex.tlog\cl.items.tlog
c:\users\maxim\documents\projects\video-quality-boosting\build\opencvex.dir\debug\opencvex.tlog\cl.read.1.tlog
c:\users\maxim\documents\projects\video-quality-boosting\build\opencvex.dir\debug\opencvex.tlog\cl.write.1.tlog
c:\users\maxim\documents\projects\video-quality-boosting\build\opencvex.dir\debug\opencvex.tlog\custombuild.command.1.tlog
c:\users\maxim\documents\projects\video-quality-boosting\build\opencvex.dir\debug\opencvex.tlog\custombuild.read.1.tlog
c:\users\maxim\documents\projects\video-quality-boosting\build\opencvex.dir\debug\opencvex.tlog\custombuild.write.1.tlog
c:\users\maxim\documents\projects\video-quality-boosting\build\opencvex.dir\debug\opencvex.tlog\link.14200-cvtres.read.1.tlog
c:\users\maxim\documents\projects\video-quality-boosting\build\opencvex.dir\debug\opencvex.tlog\link.14200-cvtres.write.1.tlog
c:\users\maxim\documents\projects\video-quality-boosting\build\opencvex.dir\debug\opencvex.tlog\link.14200-rc.read.1.tlog
c:\users\maxim\documents\projects\video-quality-boosting\build\opencvex.dir\debug\opencvex.tlog\link.14200-rc.write.1.tlog
c:\users\maxim\documents\projects\video-quality-boosting\build\opencvex.dir\debug\opencvex.tlog\link.14200.read.1.tlog
c:\users\maxim\documents\projects\video-quality-boosting\build\opencvex.dir\debug\opencvex.tlog\link.14200.write.1.tlog
c:\users\maxim\documents\projects\video-quality-boosting\build\opencvex.dir\debug\opencvex.tlog\link.command.1.tlog
c:\users\maxim\documents\projects\video-quality-boosting\build\opencvex.dir\debug\opencvex.tlog\link.read.1.tlog
c:\users\maxim\documents\projects\video-quality-boosting\build\opencvex.dir\debug\opencvex.tlog\link.secondary.1.tlog
c:\users\maxim\documents\projects\video-quality-boosting\build\opencvex.dir\debug\opencvex.tlog\link.write.1.tlog
